0 info it worked if it ends with ok
1 verbose cli [ 'node',
1 verbose cli   '/usr/local/bin/npm',
1 verbose cli   'install',
1 verbose cli   'grunt-contrib-angulerJS' ]
2 info using npm@1.3.13
3 info using node@v0.11.8
4 warn package.json my-project-name@0.0.0 No description
5 warn package.json my-project-name@0.0.0 No repository field.
6 warn package.json my-project-name@0.0.0 No README data
7 verbose readDependencies using package.json deps
8 verbose cache add [ 'grunt-contrib-angulerJS', null ]
9 verbose cache add name=undefined spec="grunt-contrib-angulerJS" args=["grunt-contrib-angulerJS",null]
10 verbose parsed url { protocol: null,
10 verbose parsed url   slashes: null,
10 verbose parsed url   auth: null,
10 verbose parsed url   host: null,
10 verbose parsed url   port: null,
10 verbose parsed url   hostname: null,
10 verbose parsed url   hash: null,
10 verbose parsed url   search: null,
10 verbose parsed url   query: null,
10 verbose parsed url   pathname: 'grunt-contrib-angulerJS',
10 verbose parsed url   path: 'grunt-contrib-angulerJS',
10 verbose parsed url   href: 'grunt-contrib-angulerJS' }
11 silly lockFile a5b70fe9-grunt-contrib-angulerJS grunt-contrib-angulerJS
12 verbose lock grunt-contrib-angulerJS /Users/macbookair12/.npm/a5b70fe9-grunt-contrib-angulerJS.lock
13 silly lockFile a5b70fe9-grunt-contrib-angulerJS grunt-contrib-angulerJS
14 silly lockFile a5b70fe9-grunt-contrib-angulerJS grunt-contrib-angulerJS
15 verbose addNamed [ 'grunt-contrib-angulerJS', '' ]
16 verbose addNamed [ null, '*' ]
17 silly lockFile 9b7cbd6f-grunt-contrib-angulerJS grunt-contrib-angulerJS@
18 verbose lock grunt-contrib-angulerJS@ /Users/macbookair12/.npm/9b7cbd6f-grunt-contrib-angulerJS.lock
19 silly addNameRange { name: 'grunt-contrib-angulerJS', range: '*', hasData: false }
20 verbose url raw grunt-contrib-angulerJS
21 verbose url resolving [ 'https://registry.npmjs.org/', './grunt-contrib-angulerJS' ]
22 verbose url resolved https://registry.npmjs.org/grunt-contrib-angulerJS
23 info trying registry request attempt 1 at 19:40:11
24 http GET https://registry.npmjs.org/grunt-contrib-angulerJS
25 http 404 https://registry.npmjs.org/grunt-contrib-angulerJS
26 silly registry.get cb [ 404,
26 silly registry.get   { server: 'CouchDB/1.3.1 (Erlang OTP/R15B03)',
26 silly registry.get     date: 'Sat, 07 Dec 2013 10:40:14 GMT',
26 silly registry.get     'content-type': 'application/json',
26 silly registry.get     'content-length': '52',
26 silly registry.get     'cache-control': 'must-revalidate' } ]
27 silly lockFile 9b7cbd6f-grunt-contrib-angulerJS grunt-contrib-angulerJS@
28 silly lockFile 9b7cbd6f-grunt-contrib-angulerJS grunt-contrib-angulerJS@
29 error 404 'grunt-contrib-angulerJS' is not in the npm registry.
29 error 404 You should bug the author to publish it
29 error 404
29 error 404 Note that you can also install from a
29 error 404 tarball, folder, or http url, or git url.
30 error System Darwin 13.0.0
31 error command "node" "/usr/local/bin/npm" "install" "grunt-contrib-angulerJS"
32 error cwd /Users/macbookair12/Desktop/works/DotLineForm/htdocs
33 error node -v v0.11.8
34 error npm -v 1.3.13
35 error code E404
36 verbose exit [ 1, true ]
